2024-03-13T16:09:30+00:00 CRITICAL Uncaught WCPay\Exceptions\API_Exception: Your site host "localhost" is on a private network. Jetpack can only connect to public sites. in /Applications/XAMPP/xamppfiles/htdocs/HamroDokan/wp-content/plugins/woocommerce-payments/includes/wc-payment-api/class-wc-payments-http.php:194
Stack trace:
#0 /Applications/XAMPP/xamppfiles/htdocs/HamroDokan/wp-content/plugins/woocommerce-payments/includes/wc-payment-api/class-wc-payments-api-client.php(222): WC_Payments_Http->start_connection('http://localhos...')
#1 /Applications/XAMPP/xamppfiles/htdocs/HamroDokan/wp-content/plugins/woocommerce-payments/includes/class-wc-payments-account.php(2033): WC_Payments_API_Client->start_server_connection('http://localhos...')
#2 /Applications/XAMPP/xamppfiles/htdocs/HamroDokan/wp-content/plugins/woocommerce-payments/includes/class-wc-payments-account.php(1073): WC_Payments_Account->redirect_to_onboarding_flow_page('wcpay-connect-p...')
#3 /Applications/XAMPP/xamppfiles/htdocs/HamroDokan/wp-includes/class-wp-hook.php(324): WC_Payments_Account->maybe_handle_onboarding('')
#4 /Applications/XAMPP/xamppfiles/htdocs/HamroDokan/wp-includes/class-wp-hook.php(348): WP_Hook->apply_filters(NULL, Array)
#5 /Applications/XAMPP/xamppfiles/htdocs/HamroDokan/wp-includes/plugin.php(517): WP_Hook->do_action(Array)
#6 /Applications/XAMPP/xamppfiles/htdocs/HamroDokan/wp-admin/admin.php(175): do_action('admin_init')
#7 {main}
  thrown in /Applications/XAMPP/xamppfiles/htdocs/HamroDokan/wp-content/plugins/woocommerce-payments/includes/wc-payment-api/class-wc-payments-http.php on line 194

2024-03-13T16:09:45+00:00 CRITICAL Uncaught WCPay\Exceptions\API_Exception: Your site host "localhost" is on a private network. Jetpack can only connect to public sites. in /Applications/XAMPP/xamppfiles/htdocs/HamroDokan/wp-content/plugins/woocommerce-payments/includes/wc-payment-api/class-wc-payments-http.php:194
Stack trace:
#0 /Applications/XAMPP/xamppfiles/htdocs/HamroDokan/wp-content/plugins/woocommerce-payments/includes/wc-payment-api/class-wc-payments-api-client.php(222): WC_Payments_Http->start_connection('http://localhos...')
#1 /Applications/XAMPP/xamppfiles/htdocs/HamroDokan/wp-content/plugins/woocommerce-payments/includes/class-wc-payments-account.php(2033): WC_Payments_API_Client->start_server_connection('http://localhos...')
#2 /Applications/XAMPP/xamppfiles/htdocs/HamroDokan/wp-content/plugins/woocommerce-payments/includes/class-wc-payments-account.php(1073): WC_Payments_Account->redirect_to_onboarding_flow_page('wcpay-connect-p...')
#3 /Applications/XAMPP/xamppfiles/htdocs/HamroDokan/wp-includes/class-wp-hook.php(324): WC_Payments_Account->maybe_handle_onboarding('')
#4 /Applications/XAMPP/xamppfiles/htdocs/HamroDokan/wp-includes/class-wp-hook.php(348): WP_Hook->apply_filters(NULL, Array)
#5 /Applications/XAMPP/xamppfiles/htdocs/HamroDokan/wp-includes/plugin.php(517): WP_Hook->do_action(Array)
#6 /Applications/XAMPP/xamppfiles/htdocs/HamroDokan/wp-admin/admin.php(175): do_action('admin_init')
#7 {main}
  thrown in /Applications/XAMPP/xamppfiles/htdocs/HamroDokan/wp-content/plugins/woocommerce-payments/includes/wc-payment-api/class-wc-payments-http.php on line 194

2024-03-13T16:11:59+00:00 CRITICAL Uncaught WCPay\Exceptions\API_Exception: Your site host "localhost" is on a private network. Jetpack can only connect to public sites. in /Applications/XAMPP/xamppfiles/htdocs/HamroDokan/wp-content/plugins/woocommerce-payments/includes/wc-payment-api/class-wc-payments-http.php:194
Stack trace:
#0 /Applications/XAMPP/xamppfiles/htdocs/HamroDokan/wp-content/plugins/woocommerce-payments/includes/wc-payment-api/class-wc-payments-api-client.php(222): WC_Payments_Http->start_connection('http://localhos...')
#1 /Applications/XAMPP/xamppfiles/htdocs/HamroDokan/wp-content/plugins/woocommerce-payments/includes/class-wc-payments-account.php(2033): WC_Payments_API_Client->start_server_connection('http://localhos...')
#2 /Applications/XAMPP/xamppfiles/htdocs/HamroDokan/wp-content/plugins/woocommerce-payments/includes/class-wc-payments-account.php(1073): WC_Payments_Account->redirect_to_onboarding_flow_page('wcpay-connect-p...')
#3 /Applications/XAMPP/xamppfiles/htdocs/HamroDokan/wp-includes/class-wp-hook.php(324): WC_Payments_Account->maybe_handle_onboarding('')
#4 /Applications/XAMPP/xamppfiles/htdocs/HamroDokan/wp-includes/class-wp-hook.php(348): WP_Hook->apply_filters(NULL, Array)
#5 /Applications/XAMPP/xamppfiles/htdocs/HamroDokan/wp-includes/plugin.php(517): WP_Hook->do_action(Array)
#6 /Applications/XAMPP/xamppfiles/htdocs/HamroDokan/wp-admin/admin.php(175): do_action('admin_init')
#7 {main}
  thrown in /Applications/XAMPP/xamppfiles/htdocs/HamroDokan/wp-content/plugins/woocommerce-payments/includes/wc-payment-api/class-wc-payments-http.php on line 194

